Using pre-set license
Built from '2021.1/release' branch; Version is '2021.1.16f1 (5fa502fca597) revision 6268162'; Using compiler version '192528614'; Build Type 'Release'
OS: 'Windows 10 Pro; OS build 19042.1237; Version 2009; 64bit' Language: 'en' Physical Memory: 8068 MB
BatchMode: 1, IsHumanControllingUs: 0, StartBugReporterOnCrash: 0, Is64bit: 1, IsPro: 0

 COMMAND LINE ARGUMENTS:
C:\Program Files\Unity\Hub\Editor\2021.1.16f1\Editor\Unity.exe
-adb2
-batchMode
-noUpm
-name
AssetImportWorker0
-projectPath
C:/Users/q22w2/Desktop/Flight-Sim-Repo
-logFile
Logs/AssetImportWorker0.log
-srvPort
63378
Successfully changed project path to: C:/Users/q22w2/Desktop/Flight-Sim-Repo
C:/Users/q22w2/Desktop/Flight-Sim-Repo
Using Asset Import Pipeline V2.
Refreshing native plugins compatible for Editor in 156.76 ms, found 2 plugins.
Preloading 0 native plugins for Editor in 0.00 ms.
Initialize engine version: 2021.1.16f1 (5fa502fca597)
[Subsystems] Discovering subsystems at path C:/Program Files/Unity/Hub/Editor/2021.1.16f1/Editor/Data/Resources/UnitySubsystems
[Subsystems] Discovering subsystems at path C:/Users/q22w2/Desktop/Flight-Sim-Repo/Assets
GfxDevice: creating device client; threaded=0; jobified=0
Direct3D:
    Version:  Direct3D 11.0 [level 11.1]
    Renderer: Intel(R) UHD Graphics 620 (ID=0x3ea0)
    Vendor:   Intel
    VRAM:     4034 MB
    Driver:   27.20.100.8935
Shader 'WFX/Transparent Specular': fallback shader 'Particles/Alpha Blended' not found
Shader 'WFX/Transparent Diffuse': fallback shader 'Particles/Alpha Blended' not found
Initialize mono
Mono path[0] = 'C:/Program Files/Unity/Hub/Editor/2021.1.16f1/Editor/Data/Managed'
Mono path[1] = 'C:/Program Files/Unity/Hub/Editor/2021.1.16f1/Editor/Data/MonoBleedingEdge/lib/mono/unityjit'
Mono config path = 'C:/Program Files/Unity/Hub/Editor/2021.1.16f1/Editor/Data/MonoBleedingEdge/etc'
Using monoOptions --debugger-agent=transport=dt_socket,embedding=1,server=y,suspend=n,address=127.0.0.1:56152
Begin MonoManager ReloadAssembly
Registering precompiled unity dll's ...
Register platform support module: C:/Program Files/Unity/Hub/Editor/2021.1.16f1/Editor/Data/PlaybackEngines/WindowsStandaloneSupport/UnityEditor.WindowsStandalone.Extensions.dll
Registered in 0.005156 seconds.
Native extension for WindowsStandalone target not found
Refreshing native plugins compatible for Editor in 141.72 ms, found 2 plugins.
Preloading 0 native plugins for Editor in 0.00 ms.
Mono: successfully reloaded assembly
- Completed reload, in  6.102 seconds
Domain Reload Profiling:
	ReloadAssembly (6103ms)
		BeginReloadAssembly (161ms)
			ExecutionOrderSort (0ms)
			DisableScriptedObjects (0ms)
			BackupInstance (0ms)
			ReleaseScriptingObjects (0ms)
			CreateAndSetChildDomain (2ms)
		EndReloadAssembly (1170ms)
			LoadAssemblies (155ms)
			RebuildTransferFunctionScriptingTraits (0ms)
			SetupTypeCache (469ms)
			ReleaseScriptCaches (0ms)
			RebuildScriptCaches (84ms)
			SetupLoadedEditorAssemblies (490ms)
				LogAssemblyErrors (0ms)
				InitializePlatformSupportModulesInManaged (16ms)
				SetLoadedEditorAssemblies (1ms)
				RefreshPlugins (142ms)
				BeforeProcessingInitializeOnLoad (2ms)
				ProcessInitializeOnLoadAttributes (242ms)
				ProcessInitializeOnLoadMethodAttributes (88ms)
				AfterProcessingInitializeOnLoad (0ms)
				EditorAssembliesLoaded (1ms)
			ExecutionOrderSort2 (0ms)
			AwakeInstancesAfterBackupRestoration (0ms)
Platform modules already initialized, skipping
Registering precompiled user dll's ...
Registered in 0.014434 seconds.
Begin MonoManager ReloadAssembly
Native extension for WindowsStandalone target not found
Refreshing native plugins compatible for Editor in 1.39 ms, found 2 plugins.
Preloading 0 native plugins for Editor in 0.00 ms.
Mono: successfully reloaded assembly
- Completed reload, in  3.033 seconds
Domain Reload Profiling:
	ReloadAssembly (3036ms)
		BeginReloadAssembly (414ms)
			ExecutionOrderSort (0ms)
			DisableScriptedObjects (12ms)
			BackupInstance (0ms)
			ReleaseScriptingObjects (0ms)
			CreateAndSetChildDomain (46ms)
		EndReloadAssembly (2441ms)
			LoadAssemblies (247ms)
			RebuildTransferFunctionScriptingTraits (0ms)
			SetupTypeCache (804ms)
			ReleaseScriptCaches (1ms)
			RebuildScriptCaches (137ms)
			SetupLoadedEditorAssemblies (990ms)
				LogAssemblyErrors (0ms)
				InitializePlatformSupportModulesInManaged (13ms)
				SetLoadedEditorAssemblies (1ms)
				RefreshPlugins (2ms)
				BeforeProcessingInitializeOnLoad (129ms)
				ProcessInitializeOnLoadAttributes (816ms)
				ProcessInitializeOnLoadMethodAttributes (13ms)
				AfterProcessingInitializeOnLoad (16ms)
				EditorAssembliesLoaded (1ms)
			ExecutionOrderSort2 (0ms)
			AwakeInstancesAfterBackupRestoration (18ms)
Platform modules already initialized, skipping
========================================================================
Worker process is ready to serve import requests
Shader 'WFX/Transparent Diffuse': fallback shader 'Particles/Alpha Blended' not found
Shader 'WFX/Transparent Specular': fallback shader 'Particles/Alpha Blended' not found
Launched and connected shader compiler UnityShaderCompiler.exe after 0.09 seconds
Refreshing native plugins compatible for Editor in 1.29 ms, found 2 plugins.
Preloading 0 native plugins for Editor in 0.00 ms.
Unloading 1920 Unused Serialized files (Serialized files now loaded: 0)
System memory in use before: 161.3 MB.
System memory in use after: 161.1 MB.

Unloading 20 unused Assets to reduce memory usage. Loaded Objects now: 2451.
Total: 8.029500 ms (FindLiveObjects: 0.317400 ms CreateObjectMapping: 0.168200 ms MarkObjects: 6.906800 ms  DeleteObjects: 0.635000 ms)

AssetImportParameters requested are different than current active one (requested -> active):
  custom:framework-win-MediaFoundation: 216162199b28c13a410421893ffa2e32 -> 
  custom:video-decoder-ogg-theora: a1e56fd34408186e4bbccfd4996cb3dc -> 
  custom:container-muxer-webm: aa71ff27fc2769a1b78a27578f13a17b -> 
  custom:container-demuxer-webm: 4f35f7cbe854078d1ac9338744f61a02 -> 
  custom:container-demuxer-ogg: 62fdf1f143b41e24485cea50d1cbac27 -> 
  custom:video-encoder-webm-vp8: eb34c28f22e8b96e1ab97ce403110664 -> 
  custom:video-codec-MediaFoundation-h265: 746d11721c4dcdbdad8f713fa42b33f4 -> 
  custom:video-decoder-webm-vp8: 9c59270c3fd7afecdb556c50c9e8de78 -> 
  custom:audio-decoder-ogg-vorbis: bf7c407c2cedff20999df2af8eb42d56 -> 
  custom:audio-encoder-webm-vorbis: bf7c407c2cedff20999df2af8eb42d56 -> 
========================================================================
Received Import Request.
  path: Assets/Materials/New Material 8.mat
  artifactKey: Guid(995f5f76b38777b48af4d13143df06e3) Importer(815301076,1909f56bfc062723c751e8b465ee728b)
Start importing Assets/Materials/New Material 8.mat using Guid(995f5f76b38777b48af4d13143df06e3) Importer(815301076,1909f56bfc062723c751e8b465ee728b)  -> (artifact id: '8c54800cfa127aa12675b22c8119192b') in 0.260957 seconds 
========================================================================
Received Import Request.
  Time since last request: 0.000312 seconds.
  path: Assets/Materials/New Material 5.mat
  artifactKey: Guid(125a3c64daa9f0e4da054202bd6026d8) Importer(815301076,1909f56bfc062723c751e8b465ee728b)
Start importing Assets/Materials/New Material 5.mat using Guid(125a3c64daa9f0e4da054202bd6026d8) Importer(815301076,1909f56bfc062723c751e8b465ee728b)  -> (artifact id: '18ba2326901ff5619baa25ac6b727183') in 0.024562 seconds 
========================================================================
Received Import Request.
  Time since last request: 0.000365 seconds.
  path: Assets/Materials
  artifactKey: Guid(c9fde764598f95f498f286d21c24e4e8) Importer(815301076,1909f56bfc062723c751e8b465ee728b)
Start importing Assets/Materials using Guid(c9fde764598f95f498f286d21c24e4e8) Importer(815301076,1909f56bfc062723c751e8b465ee728b)  -> (artifact id: 'dd8402ade1f38a8f3596cc5b37baa78f') in 0.008639 seconds 
========================================================================
Received Import Request.
  Time since last request: 0.000300 seconds.
  path: Assets/Materials/New Material 12.mat
  artifactKey: Guid(cae03e37ae4d8404cb804b139b3fd9f6) Importer(815301076,1909f56bfc062723c751e8b465ee728b)
Start importing Assets/Materials/New Material 12.mat using Guid(cae03e37ae4d8404cb804b139b3fd9f6) Importer(815301076,1909f56bfc062723c751e8b465ee728b)  -> (artifact id: '53d39db4875a41adcf645e0ab67d0c96') in 0.026079 seconds 
========================================================================
Received Import Request.
  Time since last request: 0.000411 seconds.
  path: Assets/Materials/New Material super.mat
  artifactKey: Guid(5544310dc0e015043a1e99944f3293e3) Importer(815301076,1909f56bfc062723c751e8b465ee728b)
Start importing Assets/Materials/New Material super.mat using Guid(5544310dc0e015043a1e99944f3293e3) Importer(815301076,1909f56bfc062723c751e8b465ee728b)  -> (artifact id: '371662b4c732a742d7749eba0cbddf61') in 0.040601 seconds 
========================================================================
Received Import Request.
  Time since last request: 0.000494 seconds.
  path: Assets/Materials/New Material 9.mat
  artifactKey: Guid(d9f61f5916c9d6c4b9432f357acd83e8) Importer(815301076,1909f56bfc062723c751e8b465ee728b)
Start importing Assets/Materials/New Material 9.mat using Guid(d9f61f5916c9d6c4b9432f357acd83e8) Importer(815301076,1909f56bfc062723c751e8b465ee728b)  -> (artifact id: '5950393a2940356683ac4648275ef317') in 0.054585 seconds 
========================================================================
Received Import Request.
  Time since last request: 0.000700 seconds.
  path: Assets/Materials/New Material other.mat
  artifactKey: Guid(f2e8e631daca7be4190ad04a41d000ad) Importer(815301076,1909f56bfc062723c751e8b465ee728b)
Start importing Assets/Materials/New Material other.mat using Guid(f2e8e631daca7be4190ad04a41d000ad) Importer(815301076,1909f56bfc062723c751e8b465ee728b)  -> (artifact id: 'c681aa973799ab2f5890c93958f5e323') in 0.041717 seconds 
========================================================================
Received Import Request.
  Time since last request: 0.000572 seconds.
  path: Assets/Materials/New Material 4.mat
  artifactKey: Guid(ef29fbc37283170419f0dd1e5c9f4e16) Importer(815301076,1909f56bfc062723c751e8b465ee728b)
Start importing Assets/Materials/New Material 4.mat using Guid(ef29fbc37283170419f0dd1e5c9f4e16) Importer(815301076,1909f56bfc062723c751e8b465ee728b)  -> (artifact id: 'c56ccaf99d5f167da9743f0aa4cb471e') in 0.050588 seconds 
========================================================================
Received Import Request.
  Time since last request: 0.000507 seconds.
  path: Assets/Materials/New Material 7.mat
  artifactKey: Guid(67023ffb8ee70f8449e0d0b9c7218ffb) Importer(815301076,1909f56bfc062723c751e8b465ee728b)
Start importing Assets/Materials/New Material 7.mat using Guid(67023ffb8ee70f8449e0d0b9c7218ffb) Importer(815301076,1909f56bfc062723c751e8b465ee728b)  -> (artifact id: 'a67cc1cc30fc0c50d010bcc36619b45e') in 0.038178 seconds 
========================================================================
Received Import Request.
  Time since last request: 0.000671 seconds.
  path: Assets/Materials/NewLayer.terrainlayer
  artifactKey: Guid(bc09d7d43c2a5f246aa9297199adbda7) Importer(815301076,1909f56bfc062723c751e8b465ee728b)
Start importing Assets/Materials/NewLayer.terrainlayer using Guid(bc09d7d43c2a5f246aa9297199adbda7) Importer(815301076,1909f56bfc062723c751e8b465ee728b)  -> (artifact id: '6b48d870f93695931aedcecfa8ac70bd') in 0.052625 seconds 
========================================================================
Received Import Request.
  Time since last request: 0.000720 seconds.
  path: Assets/Materials/New Material 3.mat
  artifactKey: Guid(13758f09744f34445bad0f4bee5fd6f4) Importer(815301076,1909f56bfc062723c751e8b465ee728b)
Start importing Assets/Materials/New Material 3.mat using Guid(13758f09744f34445bad0f4bee5fd6f4) Importer(815301076,1909f56bfc062723c751e8b465ee728b)  -> (artifact id: 'f5eaac89747e075c95e9e85f3f7be4c8') in 0.047599 seconds 
========================================================================
Received Import Request.
  Time since last request: 0.000532 seconds.
  path: Assets/Materials/New Material grey.mat
  artifactKey: Guid(9101ce1dc6dbca543a15532296fffa9f) Importer(815301076,1909f56bfc062723c751e8b465ee728b)
Start importing Assets/Materials/New Material grey.mat using Guid(9101ce1dc6dbca543a15532296fffa9f) Importer(815301076,1909f56bfc062723c751e8b465ee728b)  -> (artifact id: '771cc43d1d124764d6232eccec572cdc') in 0.045695 seconds 
========================================================================
Received Import Request.
  Time since last request: 0.000575 seconds.
  path: Assets/Materials/New Material other 2.mat
  artifactKey: Guid(fa5572d81c718b34c9cabaf809f6f921) Importer(815301076,1909f56bfc062723c751e8b465ee728b)
Start importing Assets/Materials/New Material other 2.mat using Guid(fa5572d81c718b34c9cabaf809f6f921) Importer(815301076,1909f56bfc062723c751e8b465ee728b)  -> (artifact id: '68887b4a2abf32515cf3f67a8087b584') in 0.070069 seconds 
========================================================================
Received Import Request.
  Time since last request: 0.000616 seconds.
  path: Assets/Materials/New Material 6.mat
  artifactKey: Guid(31201e459d7ccd84ab6f7fe4c3e0da75) Importer(815301076,1909f56bfc062723c751e8b465ee728b)
Start importing Assets/Materials/New Material 6.mat using Guid(31201e459d7ccd84ab6f7fe4c3e0da75) Importer(815301076,1909f56bfc062723c751e8b465ee728b)  -> (artifact id: '8e938f1adfc37180346f86bef267d399') in 0.040807 seconds 
========================================================================
Received Import Request.
  Time since last request: 0.000578 seconds.
  path: Assets/Materials/New Material 10.mat
  artifactKey: Guid(f3a180ebf52bc8a4fb4eb70801d4f31a) Importer(815301076,1909f56bfc062723c751e8b465ee728b)
Start importing Assets/Materials/New Material 10.mat using Guid(f3a180ebf52bc8a4fb4eb70801d4f31a) Importer(815301076,1909f56bfc062723c751e8b465ee728b)  -> (artifact id: '59d542076cbe6ffa0523f36df07b5500') in 0.048896 seconds 
========================================================================
Received Import Request.
  Time since last request: 0.000602 seconds.
  path: Assets/Materials/New Material 1.mat
  artifactKey: Guid(657f158437a31934bb73b6c4ff644610) Importer(815301076,1909f56bfc062723c751e8b465ee728b)
Start importing Assets/Materials/New Material 1.mat using Guid(657f158437a31934bb73b6c4ff644610) Importer(815301076,1909f56bfc062723c751e8b465ee728b)  -> (artifact id: '6d044626c53985f88163445cedfa1f8a') in 0.052370 seconds 
========================================================================
Received Import Request.
  Time since last request: 0.000548 seconds.
  path: Assets/Materials/New Material 11.mat
  artifactKey: Guid(74de4c6f979c78e4a9419fa277968a6f) Importer(815301076,1909f56bfc062723c751e8b465ee728b)
Start importing Assets/Materials/New Material 11.mat using Guid(74de4c6f979c78e4a9419fa277968a6f) Importer(815301076,1909f56bfc062723c751e8b465ee728b)  -> (artifact id: '78a547aacb1072f1aceae8d3f5ae8b0a') in 0.066147 seconds 
========================================================================
Received Import Request.
  Time since last request: 0.000705 seconds.
  path: Assets/Materials/New Material 2.mat
  artifactKey: Guid(81c0d590ed0f52440a05ae39a07477a7) Importer(815301076,1909f56bfc062723c751e8b465ee728b)
Start importing Assets/Materials/New Material 2.mat using Guid(81c0d590ed0f52440a05ae39a07477a7) Importer(815301076,1909f56bfc062723c751e8b465ee728b)  -> (artifact id: '05a2e13fe7f80372b0109962d3224b77') in 0.058020 seconds 
========================================================================
Received Import Request.
  Time since last request: 0.000544 seconds.
  path: Assets/Materials/New Material 13.mat
  artifactKey: Guid(88713c93c9cdc614d9e78b3761d9e4b0) Importer(815301076,1909f56bfc062723c751e8b465ee728b)
Start importing Assets/Materials/New Material 13.mat using Guid(88713c93c9cdc614d9e78b3761d9e4b0) Importer(815301076,1909f56bfc062723c751e8b465ee728b)  -> (artifact id: 'bf273287027e8d43dfb62ebc25b655a9') in 0.055066 seconds 
========================================================================
Received Import Request.
  Time since last request: 0.000682 seconds.
  path: Assets/Materials/New Material.mat
  artifactKey: Guid(45e35d17b7d49474dbc4985c49300f6f) Importer(815301076,1909f56bfc062723c751e8b465ee728b)
Start importing Assets/Materials/New Material.mat using Guid(45e35d17b7d49474dbc4985c49300f6f) Importer(815301076,1909f56bfc062723c751e8b465ee728b)  -> (artifact id: '46fab7913f38e394e3b14b5c65b0fc26') in 0.070969 seconds 
========================================================================
Received Import Request.
  Time since last request: 3.844409 seconds.
  path: Assets/Materials/New Material 14.mat
  artifactKey: Guid(8b3e88da882a03344bc9057ebfdb6a19) Importer(815301076,1909f56bfc062723c751e8b465ee728b)
Start importing Assets/Materials/New Material 14.mat using Guid(8b3e88da882a03344bc9057ebfdb6a19) Importer(815301076,1909f56bfc062723c751e8b465ee728b)  -> (artifact id: 'd5a29762c224ddca055c02b79d4622a5') in 0.029218 seconds 
========================================================================
Received Import Request.
  Time since last request: 126.908725 seconds.
  path: Assets/Materials/Avatar_blue.mat
  artifactKey: Guid(8b3e88da882a03344bc9057ebfdb6a19) Importer(815301076,1909f56bfc062723c751e8b465ee728b)
Start importing Assets/Materials/Avatar_blue.mat using Guid(8b3e88da882a03344bc9057ebfdb6a19) Importer(815301076,1909f56bfc062723c751e8b465ee728b)  -> (artifact id: '398e62488c35f7d47af6d4bedb28068c') in 0.030939 seconds 
========================================================================
Received Import Request.
  Time since last request: 316.740740 seconds.
  path: Assets/Prefabs/PaperPlanes
  artifactKey: Guid(76992cb3fcc3d594c858d99039a08812) Importer(815301076,1909f56bfc062723c751e8b465ee728b)
Start importing Assets/Prefabs/PaperPlanes using Guid(76992cb3fcc3d594c858d99039a08812) Importer(815301076,1909f56bfc062723c751e8b465ee728b)  -> (artifact id: '357760b2d9beeaf0c6f9006ed17e24c0') in 0.012620 seconds 
========================================================================
Received Import Request.
  Time since last request: 0.141428 seconds.
  path: Assets/Prefabs/PaperPlanes/Hunting Flight.prefab
  artifactKey: Guid(5f767191a5889824ab28e955b53421b4) Importer(815301076,1909f56bfc062723c751e8b465ee728b)
Start importing Assets/Prefabs/PaperPlanes/Hunting Flight.prefab using Guid(5f767191a5889824ab28e955b53421b4) Importer(815301076,1909f56bfc062723c751e8b465ee728b)  -> (artifact id: '7cd53c8308f947acb0f3e0aa2e7d7018') in 0.117039 seconds 
========================================================================
Received Import Request.
  Time since last request: 0.000539 seconds.
  path: Assets/Prefabs/PaperPlanes/The Dart.prefab
  artifactKey: Guid(4c1559ab71f9b0f47a4ed6a1b090b767) Importer(815301076,1909f56bfc062723c751e8b465ee728b)
Start importing Assets/Prefabs/PaperPlanes/The Dart.prefab using Guid(4c1559ab71f9b0f47a4ed6a1b090b767) Importer(815301076,1909f56bfc062723c751e8b465ee728b)  -> (artifact id: '316c52769f062ad363b0d48bdeec41bb') in 0.038903 seconds 
========================================================================
Received Import Request.
  Time since last request: 0.000325 seconds.
  path: Assets/Prefabs/PaperPlanes/The Stable.prefab
  artifactKey: Guid(a869c6d2a4a54e641bffa1c7cf689aab) Importer(815301076,1909f56bfc062723c751e8b465ee728b)
Start importing Assets/Prefabs/PaperPlanes/The Stable.prefab using Guid(a869c6d2a4a54e641bffa1c7cf689aab) Importer(815301076,1909f56bfc062723c751e8b465ee728b)  -> (artifact id: '4787d0173763f6c1a647730a5118f3cc') in 0.035152 seconds 
========================================================================
Received Import Request.
  Time since last request: 0.000423 seconds.
  path: Assets/Prefabs/PaperPlanes/The Sea Glider.prefab
  artifactKey: Guid(bcc125349d690b446b3eb4eb5c570106) Importer(815301076,1909f56bfc062723c751e8b465ee728b)
Start importing Assets/Prefabs/PaperPlanes/The Sea Glider.prefab using Guid(bcc125349d690b446b3eb4eb5c570106) Importer(815301076,1909f56bfc062723c751e8b465ee728b)  -> (artifact id: 'ed2979452052136f518b88acea3c072d') in 0.042966 seconds 
========================================================================
Received Import Request.
  Time since last request: 0.000695 seconds.
  path: Assets/Prefabs/PaperPlanes/The Sprinter.prefab
  artifactKey: Guid(4ee6e9ab39f47b149829d4fde66d0287) Importer(815301076,1909f56bfc062723c751e8b465ee728b)
Start importing Assets/Prefabs/PaperPlanes/The Sprinter.prefab using Guid(4ee6e9ab39f47b149829d4fde66d0287) Importer(815301076,1909f56bfc062723c751e8b465ee728b)  -> (artifact id: 'e97be09aac86ecbcb6245739d865580e') in 0.067967 seconds 
========================================================================
Received Import Request.
  Time since last request: 0.000405 seconds.
  path: Assets/Prefabs/PaperPlanes/The Buzz.prefab
  artifactKey: Guid(711d70c9b7bb5004c94d2fe1353f016f) Importer(815301076,1909f56bfc062723c751e8b465ee728b)
Start importing Assets/Prefabs/PaperPlanes/The Buzz.prefab using Guid(711d70c9b7bb5004c94d2fe1353f016f) Importer(815301076,1909f56bfc062723c751e8b465ee728b)  -> (artifact id: '28e781a1d40aeb1cbf7c8014c7f28287') in 0.037280 seconds 
========================================================================
Received Import Request.
  Time since last request: 0.000451 seconds.
  path: Assets/Prefabs/PaperPlanes/The Basic.prefab
  artifactKey: Guid(5cbf99dd9c70ab74388a4c87768ef01e) Importer(815301076,1909f56bfc062723c751e8b465ee728b)
Start importing Assets/Prefabs/PaperPlanes/The Basic.prefab using Guid(5cbf99dd9c70ab74388a4c87768ef01e) Importer(815301076,1909f56bfc062723c751e8b465ee728b)  -> (artifact id: '8e21dd126dcbab4a82f8f805d3c574ae') in 0.034280 seconds 
========================================================================
Received Import Request.
  Time since last request: 29.808069 seconds.
  path: Assets/Materials/New Material 14.mat
  artifactKey: Guid(8b3e88da882a03344bc9057ebfdb6a19) Importer(815301076,1909f56bfc062723c751e8b465ee728b)
Start importing Assets/Materials/New Material 14.mat using Guid(8b3e88da882a03344bc9057ebfdb6a19) Importer(815301076,1909f56bfc062723c751e8b465ee728b)  -> (artifact id: 'aea061206fc453dff237df593de4bad6') in 0.027664 seconds 
========================================================================
Received Import Request.
  Time since last request: 46.398216 seconds.
  path: Assets/Prefabs/PaperPlanes/The Basic.prefab
  artifactKey: Guid(5cbf99dd9c70ab74388a4c87768ef01e) Importer(815301076,1909f56bfc062723c751e8b465ee728b)
Start importing Assets/Prefabs/PaperPlanes/The Basic.prefab using Guid(5cbf99dd9c70ab74388a4c87768ef01e) Importer(815301076,1909f56bfc062723c751e8b465ee728b)  -> (artifact id: '67f6e25a78658e792127bbd2d520df8f') in 0.019520 seconds 
========================================================================
Received Import Request.
  Time since last request: 146.630996 seconds.
  path: Assets/Prefabs/PaperPlanes/The Basic.prefab
  artifactKey: Guid(5cbf99dd9c70ab74388a4c87768ef01e) Importer(815301076,1909f56bfc062723c751e8b465ee728b)
Start importing Assets/Prefabs/PaperPlanes/The Basic.prefab using Guid(5cbf99dd9c70ab74388a4c87768ef01e) Importer(815301076,1909f56bfc062723c751e8b465ee728b)  -> (artifact id: 'e7f39bc0279cdf2f9f23a7d09dab39b9') in 0.022427 seconds 
========================================================================
Received Import Request.
  Time since last request: 25.778382 seconds.
  path: Assets/Prefabs/The BasicPlayer.prefab
  artifactKey: Guid(06ad2ed4e253fa64ca85c5cda8e2c61a) Importer(815301076,1909f56bfc062723c751e8b465ee728b)
Start importing Assets/Prefabs/The BasicPlayer.prefab using Guid(06ad2ed4e253fa64ca85c5cda8e2c61a) Importer(815301076,1909f56bfc062723c751e8b465ee728b)  -> (artifact id: '2c2c98c520216ef5b4e3dff44a8a559c') in 0.046079 seconds 
========================================================================
Received Prepare
Registering precompiled user dll's ...
Registered in 0.005976 seconds.
Begin MonoManager ReloadAssembly
Native extension for WindowsStandalone target not found
Refreshing native plugins compatible for Editor in 0.67 ms, found 2 plugins.
Preloading 0 native plugins for Editor in 0.00 ms.
Mono: successfully reloaded assembly
- Completed reload, in  1.313 seconds
Domain Reload Profiling:
	ReloadAssembly (1314ms)
		BeginReloadAssembly (158ms)
			ExecutionOrderSort (0ms)
			DisableScriptedObjects (5ms)
			BackupInstance (0ms)
			ReleaseScriptingObjects (0ms)
			CreateAndSetChildDomain (51ms)
		EndReloadAssembly (1076ms)
			LoadAssemblies (111ms)
			RebuildTransferFunctionScriptingTraits (0ms)
			SetupTypeCache (383ms)
			ReleaseScriptCaches (1ms)
			RebuildScriptCaches (54ms)
			SetupLoadedEditorAssemblies (425ms)
				LogAssemblyErrors (0ms)
				InitializePlatformSupportModulesInManaged (5ms)
				SetLoadedEditorAssemblies (0ms)
				RefreshPlugins (1ms)
				BeforeProcessingInitializeOnLoad (47ms)
				ProcessInitializeOnLoadAttributes (360ms)
				ProcessInitializeOnLoadMethodAttributes (5ms)
				AfterProcessingInitializeOnLoad (6ms)
				EditorAssembliesLoaded (0ms)
			ExecutionOrderSort2 (0ms)
			AwakeInstancesAfterBackupRestoration (8ms)
Platform modules already initialized, skipping
Shader 'WFX/Transparent Diffuse': fallback shader 'Particles/Alpha Blended' not found
Shader 'WFX/Transparent Specular': fallback shader 'Particles/Alpha Blended' not found
Refreshing native plugins compatible for Editor in 0.71 ms, found 2 plugins.
Preloading 0 native plugins for Editor in 0.00 ms.
Unloading 1832 Unused Serialized files (Serialized files now loaded: 0)
System memory in use before: 157.8 MB.
System memory in use after: 157.6 MB.

Unloading 16 unused Assets to reduce memory usage. Loaded Objects now: 2497.
Total: 3.956400 ms (FindLiveObjects: 0.185500 ms CreateObjectMapping: 0.076300 ms MarkObjects: 3.440300 ms  DeleteObjects: 0.252800 ms)

AssetImportParameters requested are different than current active one (requested -> active):
  custom:framework-win-MediaFoundation: 216162199b28c13a410421893ffa2e32 -> 
  custom:video-decoder-ogg-theora: a1e56fd34408186e4bbccfd4996cb3dc -> 
  custom:container-muxer-webm: aa71ff27fc2769a1b78a27578f13a17b -> 
  custom:container-demuxer-webm: 4f35f7cbe854078d1ac9338744f61a02 -> 
  custom:container-demuxer-ogg: 62fdf1f143b41e24485cea50d1cbac27 -> 
  custom:video-encoder-webm-vp8: eb34c28f22e8b96e1ab97ce403110664 -> 
  custom:video-codec-MediaFoundation-h265: 746d11721c4dcdbdad8f713fa42b33f4 -> 
  custom:video-decoder-webm-vp8: 9c59270c3fd7afecdb556c50c9e8de78 -> 
  custom:audio-decoder-ogg-vorbis: bf7c407c2cedff20999df2af8eb42d56 -> 
  custom:audio-encoder-webm-vorbis: bf7c407c2cedff20999df2af8eb42d56 -> 
========================================================================
Received Import Request.
  Time since last request: 405.207208 seconds.
  path: Assets/SampleScenes/Models/GoalPosts.fbx
  artifactKey: Guid(dbd33ca8053b5cb4790c6766343d4fb9) Importer(815301076,1909f56bfc062723c751e8b465ee728b)
Start importing Assets/SampleScenes/Models/GoalPosts.fbx using Guid(dbd33ca8053b5cb4790c6766343d4fb9) Importer(815301076,1909f56bfc062723c751e8b465ee728b)  -> (artifact id: '282fa4d8159f4420e1b7ee029a04d0ba') in 0.130697 seconds 
========================================================================
Received Import Request.
  Time since last request: 0.000215 seconds.
  path: Assets/SampleScenes/Prefabs/GoalPosts.prefab
  artifactKey: Guid(6df3f650b33fa604cb3f5923fa50d053) Importer(815301076,1909f56bfc062723c751e8b465ee728b)
Start importing Assets/SampleScenes/Prefabs/GoalPosts.prefab using Guid(6df3f650b33fa604cb3f5923fa50d053) Importer(815301076,1909f56bfc062723c751e8b465ee728b)  -> (artifact id: 'cd30e9aed4e148281db4b340a19e7b6d') in 0.015017 seconds 
========================================================================
Received Import Request.
  Time since last request: 0.000365 seconds.
  path: Assets/Low Poly Stuff/SimpleLowPolyNature/Lowpoly Demo Post-processing Profile.asset
  artifactKey: Guid(8474767a16347414bbd97f6670a97ea8) Importer(815301076,1909f56bfc062723c751e8b465ee728b)
Start importing Assets/Low Poly Stuff/SimpleLowPolyNature/Lowpoly Demo Post-processing Profile.asset using Guid(8474767a16347414bbd97f6670a97ea8) Importer(815301076,1909f56bfc062723c751e8b465ee728b)  -> (artifact id: '3c0364115ea76c6bd0069a080d5f9e1c') in 0.041769 seconds 
========================================================================
Received Import Request.
  Time since last request: 2.141378 seconds.
  path: Assets/NastyWizard_Depth/Water/PostProcessingWater.cs
  artifactKey: Guid(2bfc609f760d3f34297446d7447c7b9c) Importer(815301076,1909f56bfc062723c751e8b465ee728b)
Start importing Assets/NastyWizard_Depth/Water/PostProcessingWater.cs using Guid(2bfc609f760d3f34297446d7447c7b9c) Importer(815301076,1909f56bfc062723c751e8b465ee728b)  -> (artifact id: 'd3a33c899aca99ed5823e754e4bca65c') in 0.012328 seconds 
========================================================================
Received Import Request.
  Time since last request: 1.843805 seconds.
  path: Assets/NastyWizard_Depth/VertFog/PostProcessVertFog.cs
  artifactKey: Guid(ff7430139492da349bf344add10ace43) Importer(815301076,1909f56bfc062723c751e8b465ee728b)
Start importing Assets/NastyWizard_Depth/VertFog/PostProcessVertFog.cs using Guid(ff7430139492da349bf344add10ace43) Importer(815301076,1909f56bfc062723c751e8b465ee728b)  -> (artifact id: 'a3d7488f8fd271386a447e24250f971d') in 0.013218 seconds 
========================================================================
Received Prepare
Registering precompiled user dll's ...
Registered in 0.007266 seconds.
Begin MonoManager ReloadAssembly
Native extension for WindowsStandalone target not found
Refreshing native plugins compatible for Editor in 0.88 ms, found 2 plugins.
Preloading 0 native plugins for Editor in 0.00 ms.
Mono: successfully reloaded assembly
- Completed reload, in  1.846 seconds
Domain Reload Profiling:
	ReloadAssembly (1847ms)
		BeginReloadAssembly (210ms)
			ExecutionOrderSort (0ms)
			DisableScriptedObjects (8ms)
			BackupInstance (0ms)
			ReleaseScriptingObjects (0ms)
			CreateAndSetChildDomain (78ms)
		EndReloadAssembly (1545ms)
			LoadAssemblies (130ms)
			RebuildTransferFunctionScriptingTraits (0ms)
			SetupTypeCache (637ms)
			ReleaseScriptCaches (1ms)
			RebuildScriptCaches (59ms)
			SetupLoadedEditorAssemblies (538ms)
				LogAssemblyErrors (0ms)
				InitializePlatformSupportModulesInManaged (6ms)
				SetLoadedEditorAssemblies (1ms)
				RefreshPlugins (1ms)
				BeforeProcessingInitializeOnLoad (66ms)
				ProcessInitializeOnLoadAttributes (448ms)
				ProcessInitializeOnLoadMethodAttributes (6ms)
				AfterProcessingInitializeOnLoad (9ms)
				EditorAssembliesLoaded (0ms)
			ExecutionOrderSort2 (0ms)
			AwakeInstancesAfterBackupRestoration (10ms)
Platform modules already initialized, skipping
Shader 'WFX/Transparent Diffuse': fallback shader 'Particles/Alpha Blended' not found
Shader 'WFX/Transparent Specular': fallback shader 'Particles/Alpha Blended' not found
Refreshing native plugins compatible for Editor in 0.73 ms, found 2 plugins.
Preloading 0 native plugins for Editor in 0.00 ms.
Unloading 1931 Unused Serialized files (Serialized files now loaded: 0)
System memory in use before: 164.1 MB.
System memory in use after: 162.0 MB.

Unloading 37 unused Assets to reduce memory usage. Loaded Objects now: 2581.
Total: 4.372500 ms (FindLiveObjects: 0.260700 ms CreateObjectMapping: 0.077500 ms MarkObjects: 3.264000 ms  DeleteObjects: 0.769300 ms)

AssetImportParameters requested are different than current active one (requested -> active):
  custom:framework-win-MediaFoundation: 216162199b28c13a410421893ffa2e32 -> 
  custom:video-decoder-ogg-theora: a1e56fd34408186e4bbccfd4996cb3dc -> 
  custom:container-muxer-webm: aa71ff27fc2769a1b78a27578f13a17b -> 
  custom:container-demuxer-webm: 4f35f7cbe854078d1ac9338744f61a02 -> 
  custom:container-demuxer-ogg: 62fdf1f143b41e24485cea50d1cbac27 -> 
  custom:video-encoder-webm-vp8: eb34c28f22e8b96e1ab97ce403110664 -> 
  custom:video-codec-MediaFoundation-h265: 746d11721c4dcdbdad8f713fa42b33f4 -> 
  custom:video-decoder-webm-vp8: 9c59270c3fd7afecdb556c50c9e8de78 -> 
  custom:audio-decoder-ogg-vorbis: bf7c407c2cedff20999df2af8eb42d56 -> 
  custom:audio-encoder-webm-vorbis: bf7c407c2cedff20999df2af8eb42d56 -> 
========================================================================
Received Prepare
Registering precompiled user dll's ...
Registered in 0.004540 seconds.
Begin MonoManager ReloadAssembly
Native extension for WindowsStandalone target not found
Refreshing native plugins compatible for Editor in 0.76 ms, found 2 plugins.
Preloading 0 native plugins for Editor in 0.00 ms.
Mono: successfully reloaded assembly
- Completed reload, in  1.512 seconds
Domain Reload Profiling:
	ReloadAssembly (1513ms)
		BeginReloadAssembly (140ms)
			ExecutionOrderSort (0ms)
			DisableScriptedObjects (5ms)
			BackupInstance (0ms)
			ReleaseScriptingObjects (0ms)
			CreateAndSetChildDomain (38ms)
		EndReloadAssembly (1307ms)
			LoadAssemblies (109ms)
			RebuildTransferFunctionScriptingTraits (0ms)
			SetupTypeCache (459ms)
			ReleaseScriptCaches (1ms)
			RebuildScriptCaches (45ms)
			SetupLoadedEditorAssemblies (572ms)
				LogAssemblyErrors (0ms)
				InitializePlatformSupportModulesInManaged (6ms)
				SetLoadedEditorAssemblies (1ms)
				RefreshPlugins (1ms)
				BeforeProcessingInitializeOnLoad (56ms)
				ProcessInitializeOnLoadAttributes (490ms)
				ProcessInitializeOnLoadMethodAttributes (9ms)
				AfterProcessingInitializeOnLoad (9ms)
				EditorAssembliesLoaded (0ms)
			ExecutionOrderSort2 (0ms)
			AwakeInstancesAfterBackupRestoration (11ms)
Platform modules already initialized, skipping
Shader 'WFX/Transparent Diffuse': fallback shader 'Particles/Alpha Blended' not found
Shader 'WFX/Transparent Specular': fallback shader 'Particles/Alpha Blended' not found
Refreshing native plugins compatible for Editor in 0.69 ms, found 2 plugins.
Preloading 0 native plugins for Editor in 0.00 ms.
Unloading 1832 Unused Serialized files (Serialized files now loaded: 0)
System memory in use before: 158.5 MB.
System memory in use after: 158.4 MB.

Unloading 61 unused Assets to reduce memory usage. Loaded Objects now: 2538.
Total: 3.651500 ms (FindLiveObjects: 0.181100 ms CreateObjectMapping: 0.063600 ms MarkObjects: 3.101600 ms  DeleteObjects: 0.304200 ms)

AssetImportParameters requested are different than current active one (requested -> active):
  custom:framework-win-MediaFoundation: 216162199b28c13a410421893ffa2e32 -> 
  custom:video-decoder-ogg-theora: a1e56fd34408186e4bbccfd4996cb3dc -> 
  custom:container-muxer-webm: aa71ff27fc2769a1b78a27578f13a17b -> 
  custom:container-demuxer-webm: 4f35f7cbe854078d1ac9338744f61a02 -> 
  custom:container-demuxer-ogg: 62fdf1f143b41e24485cea50d1cbac27 -> 
  custom:video-encoder-webm-vp8: eb34c28f22e8b96e1ab97ce403110664 -> 
  custom:video-codec-MediaFoundation-h265: 746d11721c4dcdbdad8f713fa42b33f4 -> 
  custom:video-decoder-webm-vp8: 9c59270c3fd7afecdb556c50c9e8de78 -> 
  custom:audio-decoder-ogg-vorbis: bf7c407c2cedff20999df2af8eb42d56 -> 
  custom:audio-encoder-webm-vorbis: bf7c407c2cedff20999df2af8eb42d56 -> 
========================================================================
Received Import Request.
  Time since last request: 352.928538 seconds.
  path: Assets/NastyWizard_Depth/Demo
  artifactKey: Guid(44bf174fa6cdc7d42b6f34ed4e68c3db) Importer(815301076,1909f56bfc062723c751e8b465ee728b)
Start importing Assets/NastyWizard_Depth/Demo using Guid(44bf174fa6cdc7d42b6f34ed4e68c3db) Importer(815301076,1909f56bfc062723c751e8b465ee728b)  -> (artifact id: '53935670b008f18cef4914a378ab1ffd') in 0.008882 seconds 
